<?xml version="1.0" encoding="UTF-8"?>
<!-- Generated by org.testng.reporters.JUnitReportReporter -->
<testsuite hostname="BP-DI-45367" failures="0" tests="3" name="files.DynamicJSON" time="3.601" errors="0" timestamp="2023-05-24T12:46:56 CDT" skipped="0">
  <testcase classname="files.DynamicJSON" name="AddBook" time="0.514"/>
  <system-out/>
  <testcase classname="files.DynamicJSON" name="AddBook" time="2.584"/>
  <system-out/>
  <testcase classname="files.DynamicJSON" name="AddBook" time="0.503"/>
  <system-out/>
</testsuite> <!-- files.DynamicJSON -->
